2018-06-27 09:52:04,311- Thread:[11] - Level:INFO  - From: NSLog.Logger.Info - Message: 
>>> Employee Login Start
[ ------------------------------------------------------------------------------------------------ ]
{"Email":"tunxktl@gmail.com","Password":"123","RememberMe":false,"ReturnUrl":null,"LanguageId":null}
[ ------------------------------------------------------------------------------------------------ ]

2018-06-27 09:52:05,149- Thread:[11] - Level:INFO  - From: NSLog.Logger.Info - Message: 
>>> Employee Login Done
[ ------------------------------------------------------------------------------------------------ ]
{"EmployeeID":"b35f78d3-7e1c-4fa1-a559-746efgc78db0","EmployeeName":"Nghiêm Xuân T?","EmployeeEmail":"tunxktl@gmail.com","EmployeeImageURL":"","IsSupperAdmin":true,"RoleID":null,"RoleName":null}
[ ------------------------------------------------------------------------------------------------ ]

2018-06-27 13:11:30,576- Thread:[8] - Level:INFO  - From: NSLog.Logger.Info - Message: 
>>> Employee Login Start
[ ------------------------------------------------------------------------------------------------ ]
{"Email":"tunxktl@gmail.com","Password":"123","RememberMe":false,"ReturnUrl":null,"LanguageId":null}
[ ------------------------------------------------------------------------------------------------ ]

2018-06-27 13:11:31,107- Thread:[8] - Level:INFO  - From: NSLog.Logger.Info - Message: 
>>> Employee Login Done
[ ------------------------------------------------------------------------------------------------ ]
{"EmployeeID":"b35f78d3-7e1c-4fa1-a559-746efgc78db0","EmployeeName":"Nghiêm Xuân T?","EmployeeEmail":"tunxktl@gmail.com","EmployeeImageURL":"","IsSupperAdmin":true,"RoleID":null,"RoleName":null}
[ ------------------------------------------------------------------------------------------------ ]

2018-06-27 17:35:18,731- Thread:[8] - Level:INFO  - From: NSLog.Logger.Info - Message: 
>>> Employee Login Start
[ ------------------------------------------------------------------------------------------------ ]
{"Email":"tunxktl@gmail.com","Password":"123","RememberMe":false,"ReturnUrl":null,"LanguageId":null}
[ ------------------------------------------------------------------------------------------------ ]

2018-06-27 17:35:19,245- Thread:[8] - Level:INFO  - From: NSLog.Logger.Info - Message: 
>>> Employee Login Done
[ ------------------------------------------------------------------------------------------------ ]
{"EmployeeID":"b35f78d3-7e1c-4fa1-a559-746efgc78db0","EmployeeName":"Nghiêm Xuân T?","EmployeeEmail":"tunxktl@gmail.com","EmployeeImageURL":"","IsSupperAdmin":true,"RoleID":null,"RoleName":null}
[ ------------------------------------------------------------------------------------------------ ]

