2018-06-29 10:12:32,132- Thread:[11] - Level:INFO  - From: NSLog.Logger.Info - Message: 
>>> Employee Login Start
[ ------------------------------------------------------------------------------------------------ ]
{"Email":"admin@gmail.com","Password":"123","RememberMe":false,"ReturnUrl":null,"LanguageId":null}
[ ------------------------------------------------------------------------------------------------ ]

2018-06-29 10:12:34,481- Thread:[11] - Level:INFO  - From: NSLog.Logger.Info - Message: 
>>> Employee Login Done
[ ------------------------------------------------------------------------------------------------ ]
{"EmployeeID":"de836ad0-2c5e-4375-8437-020e7938b552","EmployeeName":"Nghiêm Xuân T?","EmployeeEmail":"admin@gmail.com","EmployeeImageURL":"","IsSupperAdmin":true,"RoleID":null,"RoleName":null}
[ ------------------------------------------------------------------------------------------------ ]

2018-06-29 11:39:58,485- Thread:[11] - Level:INFO  - From: NSLog.Logger.Info - Message: 
>>> Employee Login Start
[ ------------------------------------------------------------------------------------------------ ]
{"Email":"admin@gmail.com","Password":"123","RememberMe":false,"ReturnUrl":null,"LanguageId":null}
[ ------------------------------------------------------------------------------------------------ ]

2018-06-29 11:40:00,844- Thread:[11] - Level:INFO  - From: NSLog.Logger.Info - Message: 
>>> Employee Login Done
[ ------------------------------------------------------------------------------------------------ ]
{"EmployeeID":"de836ad0-2c5e-4375-8437-020e7938b552","EmployeeName":"Nghiêm Xuân T?","EmployeeEmail":"admin@gmail.com","EmployeeImageURL":"","IsSupperAdmin":true,"RoleID":null,"RoleName":null}
[ ------------------------------------------------------------------------------------------------ ]

2018-06-29 11:41:00,311- Thread:[11] - Level:INFO  - From: NSLog.Logger.Info - Message: 
>>> Employee Login Start
[ ------------------------------------------------------------------------------------------------ ]
{"Email":"admin@gmail.com","Password":"123","RememberMe":false,"ReturnUrl":null,"LanguageId":null}
[ ------------------------------------------------------------------------------------------------ ]

2018-06-29 11:41:00,343- Thread:[11] - Level:INFO  - From: NSLog.Logger.Info - Message: 
>>> Employee Login Done
[ ------------------------------------------------------------------------------------------------ ]
{"EmployeeID":"de836ad0-2c5e-4375-8437-020e7938b552","EmployeeName":"Nghiêm Xuân T?","EmployeeEmail":"admin@gmail.com","EmployeeImageURL":"","IsSupperAdmin":true,"RoleID":null,"RoleName":null}
[ ------------------------------------------------------------------------------------------------ ]

2018-06-29 14:45:44,991- Thread:[106] - Level:INFO  - From: NSLog.Logger.Info - Message: 
>>> Employee Login Start
[ ------------------------------------------------------------------------------------------------ ]
{"Email":"admin@gmail.com","Password":"123","RememberMe":false,"ReturnUrl":null,"LanguageId":null}
[ ------------------------------------------------------------------------------------------------ ]

2018-06-29 14:45:45,027- Thread:[106] - Level:INFO  - From: NSLog.Logger.Info - Message: 
>>> Employee Login Done
[ ------------------------------------------------------------------------------------------------ ]
{"EmployeeID":"de836ad0-2c5e-4375-8437-020e7938b552","EmployeeName":"Nghiêm Xuân T?","EmployeeEmail":"admin@gmail.com","EmployeeImageURL":"","IsSupperAdmin":true,"RoleID":null,"RoleName":null}
[ ------------------------------------------------------------------------------------------------ ]

